This is LuaTeX, Version 1.0.4 (TeX Live 2017/Debian)  (format=lualatex 2020.10.19)  23 NOV 2020 09:12
 system commands enabled.
**layoutengine-research-paper.tex
(.//layoutengine-research-paper.tex
LaTeX2e <2017-04-15>
Lua module: luaotfload-main 2017/01/29 2.80001 OpenType layout system.
Lua module: lualibs 2017-02-01 2.5 ConTeXt Lua standard libraries.
Lua module: lualibs-extended 2017-02-01 2.5 ConTeXt Lua libraries -- extended co
llection.(using write cache: /home/user/.texlive2017/texmf-var/luatex-cache/gene
ric)(using read cache: /var/lib/texmf/luatex-cache/generic /home/user/.texlive20
17/texmf-var/luatex-cache/generic)
luaotfload | conf : Root cache directory is /home/user/.texlive2017/texmf-var/lu
atex-cache/generic/names.
luaotfload | init : Loading fontloader “fontloader-2017-02-11.lua” from kpse
-resolved path “/usr/share/texlive/texmf-dist/tex/luatex/luaotfload/fontloader
-2017-02-11.lua”.
Lua-only attribute luaotfload@state = 1
Lua-only attribute luaotfload@noligature = 2
Lua-only attribute luaotfload@syllabe = 3
luaotfload | init : Context OpenType loader version “3.027”
Inserting `luaotfload.node_processor' at position 1 in `pre_linebreak_filter'.
Inserting `luaotfload.node_processor' at position 1 in `hpack_filter'.
Inserting `luaotfload.define_font' at position 1 in `define_font'.
Lua-only attribute luaotfload_color_attribute = 4
luaotfload | conf : Root cache directory is /home/user/.texlive2017/texmf-var/lu
atex-cache/generic/names.
Inserting `luaotfload.aux.set_sscale_dimens' at position 1 in `luaotfload.patch_
font'.
Inserting `luaotfload.aux.patch_cambria_domh' at position 2 in `luaotfload.patch
_font'.
Inserting `luaotfload.aux.fixup_fontdata' at position 1 in `luaotfload.patch_fon
t_unsafe'.
Inserting `luaotfload.aux.set_capheight' at position 3 in `luaotfload.patch_font
'.
Inserting `luaotfload.rewrite_fontname' at position 4 in `luaotfload.patch_font'
.
luaotfload | main : initialization completed in 0.068 seconds
Babel <3.18> and hyphenation patterns for 1 language(s) loaded.
(/usr/share/texlive/texmf-dist/tex/latex/base/article.cls
Document Class: article 2014/09/29 v1.4h Standard LaTeX document class
(/usr/share/texlive/texmf-dist/tex/latex/base/size10.clo
File: size10.clo 2014/09/29 v1.4h Standard LaTeX file (size option)
luaotfload | db : Font names database loaded from /home/user/.texlive2017/texmf-
var/luatex-cache/generic/names/luaotfload-names.luc(load luc: /home/user/.texliv
e2017/texmf-var/luatex-cache/generic/fonts/otl/lmroman10-regular.luc))
\c@part=\count79
\c@section=\count80
\c@subsection=\count81
\c@subsubsection=\count82
\c@paragraph=\count83
\c@subparagraph=\count84
\c@figure=\count85
\c@table=\count86
\abovecaptionskip=\skip41
\belowcaptionskip=\skip42
\bibindent=\dimen102
)
(/usr/share/texlive/texmf-dist/tex/latex/base/inputenc.sty
Package: inputenc 2015/03/17 v1.2c Input encoding file
\inpenc@prehook=\toks14
\inpenc@posthook=\toks15


Package inputenc Warning: inputenc package ignored with utf8 based engines.

) (/usr/share/texlive/texmf-dist/tex/latex/base/fontenc.sty
Package: fontenc 2017/04/05 v2.0i Standard LaTeX package

(/usr/share/texlive/texmf-dist/tex/latex/base/t1enc.def
File: t1enc.def 2017/04/05 v2.0i Standard LaTeX file
LaTeX Font Info:    Redeclaring font encoding T1 on input line 48.
)
LaTeX Font Info:    Try loading font information for T1+lmr on input line 105.

(/usr/share/texmf/tex/latex/lm/t1lmr.fd
File: t1lmr.fd 2009/10/30 v1.6 Font defs for Latin Modern
))
(/usr/share/texlive/texmf-dist/tex/latex/graphics/graphicx.sty
Package: graphicx 2017/06/01 v1.1a Enhanced LaTeX Graphics (DPC,SPQR)

(/usr/share/texlive/texmf-dist/tex/latex/graphics/keyval.sty
Package: keyval 2014/10/28 v1.15 key=value parser (DPC)
\KV@toks@=\toks16
)
(/usr/share/texlive/texmf-dist/tex/latex/graphics/graphics.sty
Package: graphics 2017/06/25 v1.2c Standard LaTeX Graphics (DPC,SPQR)

(/usr/share/texlive/texmf-dist/tex/latex/graphics/trig.sty
Package: trig 2016/01/03 v1.10 sin cos tan (DPC)
)
(/usr/share/texlive/texmf-dist/tex/latex/graphics-cfg/graphics.cfg
File: graphics.cfg 2016/06/04 v1.11 sample graphics configuration
)
Package graphics Info: Driver file: luatex.def on input line 99.

(/usr/share/texlive/texmf-dist/tex/latex/graphics-def/luatex.def
File: luatex.def 2018/01/08 v1.0l Graphics/color driver for luatex
))
\Gin@req@height=\dimen103
\Gin@req@width=\dimen104
)
(/usr/share/texlive/texmf-dist/tex/latex/oberdiek/grffile.sty
Package: grffile 2017/06/30 v1.18 Extended file name support for graphics (HO)

(/usr/share/texlive/texmf-dist/tex/generic/oberdiek/ifpdf.sty
Package: ifpdf 2017/03/15 v3.2 Provides the ifpdf switch
)
(/usr/share/texlive/texmf-dist/tex/generic/ifxetex/ifxetex.sty
Package: ifxetex 2010/09/12 v0.6 Provides ifxetex conditional
)
(/usr/share/texlive/texmf-dist/tex/latex/oberdiek/kvoptions.sty
Package: kvoptions 2016/05/16 v3.12 Key value format for package options (HO)

(/usr/share/texlive/texmf-dist/tex/generic/oberdiek/ltxcmds.sty
Package: ltxcmds 2016/05/16 v1.23 LaTeX kernel commands for general use (HO)
)
(/usr/share/texlive/texmf-dist/tex/generic/oberdiek/kvsetkeys.sty
Package: kvsetkeys 2016/05/16 v1.17 Key value parser (HO)

(/usr/share/texlive/texmf-dist/tex/generic/oberdiek/infwarerr.sty
Package: infwarerr 2016/05/16 v1.4 Providing info/warning/error messages (HO)
)
(/usr/share/texlive/texmf-dist/tex/generic/oberdiek/etexcmds.sty
Package: etexcmds 2016/05/16 v1.6 Avoid name clashes with e-TeX commands (HO)

(/usr/share/texlive/texmf-dist/tex/generic/oberdiek/ifluatex.sty
Package: ifluatex 2016/05/16 v1.4 Provides the ifluatex switch (HO)
Package ifluatex Info: LuaTeX detected.
))))
(/usr/share/texlive/texmf-dist/tex/generic/oberdiek/pdftexcmds.sty
Package: pdftexcmds 2018/01/21 v0.26 Utility functions of pdfTeX for LuaTeX (HO)

Package pdftexcmds Info: \pdf@primitive is available.
Package pdftexcmds Info: \pdf@ifprimitive is available.
Package pdftexcmds Info: \pdfdraftmode found.
\pdftexcmds@toks=\toks17
)
Package grffile Info: Option `multidot' is set to `true'.
Package grffile Info: Option `extendedchars' is set to `false'.
Package grffile Info: Option `space' is set to `true'.
Package grffile Info: \Gin@ii of package `graphicx' fixed on input line 494.
)
(/usr/share/texlive/texmf-dist/tex/latex/tools/longtable.sty
Package: longtable 2014/10/28 v4.11 Multi-page Table package (DPC)
\LTleft=\skip43
\LTright=\skip44
\LTpre=\skip45
\LTpost=\skip46
\LTchunksize=\count87
\LTcapwidth=\dimen105
\LT@head=\box26
\LT@firsthead=\box27
\LT@foot=\box28
\LT@lastfoot=\box29
\LT@cols=\count88
\LT@rows=\count89
\c@LT@tables=\count90
\c@LT@chunks=\count91
\LT@p@ftn=\toks18
)
(/usr/share/texlive/texmf-dist/tex/latex/wrapfig/wrapfig.sty
\wrapoverhang=\dimen106
\WF@size=\dimen107
\c@WF@wrappedlines=\count92
\WF@box=\box30
\WF@everypar=\toks19
Package: wrapfig 2003/01/31  v 3.6
)
(/usr/share/texlive/texmf-dist/tex/latex/graphics/rotating.sty
Package: rotating 2016/08/11 v2.16d rotated objects in LaTeX

(/usr/share/texlive/texmf-dist/tex/latex/base/ifthen.sty
Package: ifthen 2014/09/29 v1.1c Standard LaTeX ifthen package (DPC)
)
\c@r@tfl@t=\count93
\rotFPtop=\skip47
\rotFPbot=\skip48
\rot@float@box=\box31
\rot@mess@toks=\toks20
)
(/usr/share/texlive/texmf-dist/tex/generic/ulem/ulem.sty
\UL@box=\box32
\UL@hyphenbox=\box33
\UL@skip=\skip49
\UL@hook=\toks21
\UL@height=\dimen108
\UL@pe=\count94
\UL@pixel=\dimen109
\ULC@box=\box34
Package: ulem 2012/05/18
\ULdepth=\dimen110
)
(/usr/share/texlive/texmf-dist/tex/latex/amsmath/amsmath.sty
Package: amsmath 2017/09/02 v2.17a AMS math features
\@mathmargin=\skip50

For additional information on amsmath, use the `?' option.
(/usr/share/texlive/texmf-dist/tex/latex/amsmath/amstext.sty
Package: amstext 2000/06/29 v2.01 AMS text

(/usr/share/texlive/texmf-dist/tex/latex/amsmath/amsgen.sty
File: amsgen.sty 1999/11/30 v2.0 generic functions
\@emptytoks=\toks22
\ex@=\dimen111
))
(/usr/share/texlive/texmf-dist/tex/latex/amsmath/amsbsy.sty
Package: amsbsy 1999/11/29 v1.2d Bold Symbols
\pmbraise@=\dimen112
)
(/usr/share/texlive/texmf-dist/tex/latex/amsmath/amsopn.sty
Package: amsopn 2016/03/08 v2.02 operator names
)
\inf@bad=\count95
LaTeX Info: Redefining \frac on input line 213.
\uproot@=\count96
\leftroot@=\count97
LaTeX Info: Redefining \overline on input line 375.
\classnum@=\count98
\DOTSCASE@=\count99
LaTeX Info: Redefining \ldots on input line 472.
LaTeX Info: Redefining \dots on input line 475.
LaTeX Info: Redefining \cdots on input line 596.
\Mathstrutbox@=\box35
\strutbox@=\box36
\big@size=\dimen113
LaTeX Font Info:    Redeclaring font encoding OML on input line 712.
LaTeX Font Info:    Redeclaring font encoding OMS on input line 713.
\macc@depth=\count100
\c@MaxMatrixCols=\count101
\dotsspace@=\muskip10
\c@parentequation=\count102
\dspbrk@lvl=\count103
\tag@help=\toks23
\row@=\count104
\column@=\count105
\maxfields@=\count106
\andhelp@=\toks24
\eqnshift@=\dimen114
\alignsep@=\dimen115
\tagshift@=\dimen116
\tagwidth@=\dimen117
\totwidth@=\dimen118
\lineht@=\dimen119
\@envbody=\toks25
\multlinegap=\skip51
\multlinetaggap=\skip52
\mathdisplay@stack=\toks26
LaTeX Info: Redefining \[ on input line 2817.
LaTeX Info: Redefining \] on input line 2818.
)
(/usr/share/texlive/texmf-dist/tex/latex/base/textcomp.sty
Package: textcomp 2017/04/05 v2.0i Standard LaTeX package
Package textcomp Info: Sub-encoding information:
(textcomp)               5 = only ISO-Adobe without \textcurrency
(textcomp)               4 = 5 + \texteuro
(textcomp)               3 = 4 + \textohm
(textcomp)               2 = 3 + \textestimated + \textcurrency
(textcomp)               1 = TS1 - \textcircled - \t
(textcomp)               0 = TS1 (full)
(textcomp)             Font families with sub-encoding setting implement
(textcomp)             only a restricted character set as indicated.
(textcomp)             Family '?' is the default used for unknown fonts.
(textcomp)             See the documentation for details.
Package textcomp Info: Setting ? sub-encoding to TS1/1 on input line 79.

(/usr/share/texlive/texmf-dist/tex/latex/base/ts1enc.def
File: ts1enc.def 2001/06/05 v3.0e (jk/car/fm) Standard LaTeX file
)
LaTeX Info: Redefining \oldstylenums on input line 334.
Package textcomp Info: Setting cmr sub-encoding to TS1/0 on input line 349.
Package textcomp Info: Setting cmss sub-encoding to TS1/0 on input line 350.
Package textcomp Info: Setting cmtt sub-encoding to TS1/0 on input line 351.
Package textcomp Info: Setting cmvtt sub-encoding to TS1/0 on input line 352.
Package textcomp Info: Setting cmbr sub-encoding to TS1/0 on input line 353.
Package textcomp Info: Setting cmtl sub-encoding to TS1/0 on input line 354.
Package textcomp Info: Setting ccr sub-encoding to TS1/0 on input line 355.
Package textcomp Info: Setting ptm sub-encoding to TS1/4 on input line 356.
Package textcomp Info: Setting pcr sub-encoding to TS1/4 on input line 357.
Package textcomp Info: Setting phv sub-encoding to TS1/4 on input line 358.
Package textcomp Info: Setting ppl sub-encoding to TS1/3 on input line 359.
Package textcomp Info: Setting pag sub-encoding to TS1/4 on input line 360.
Package textcomp Info: Setting pbk sub-encoding to TS1/4 on input line 361.
Package textcomp Info: Setting pnc sub-encoding to TS1/4 on input line 362.
Package textcomp Info: Setting pzc sub-encoding to TS1/4 on input line 363.
Package textcomp Info: Setting bch sub-encoding to TS1/4 on input line 364.
Package textcomp Info: Setting put sub-encoding to TS1/5 on input line 365.
Package textcomp Info: Setting uag sub-encoding to TS1/5 on input line 366.
Package textcomp Info: Setting ugq sub-encoding to TS1/5 on input line 367.
Package textcomp Info: Setting ul8 sub-encoding to TS1/4 on input line 368.
Package textcomp Info: Setting ul9 sub-encoding to TS1/4 on input line 369.
Package textcomp Info: Setting augie sub-encoding to TS1/5 on input line 370.
Package textcomp Info: Setting dayrom sub-encoding to TS1/3 on input line 371.
Package textcomp Info: Setting dayroms sub-encoding to TS1/3 on input line 372.
Package textcomp Info: Setting pxr sub-encoding to TS1/0 on input line 373.
Package textcomp Info: Setting pxss sub-encoding to TS1/0 on input line 374.
Package textcomp Info: Setting pxtt sub-encoding to TS1/0 on input line 375.
Package textcomp Info: Setting txr sub-encoding to TS1/0 on input line 376.
Package textcomp Info: Setting txss sub-encoding to TS1/0 on input line 377.
Package textcomp Info: Setting txtt sub-encoding to TS1/0 on input line 378.
Package textcomp Info: Setting lmr sub-encoding to TS1/0 on input line 379.
Package textcomp Info: Setting lmdh sub-encoding to TS1/0 on input line 380.
Package textcomp Info: Setting lmss sub-encoding to TS1/0 on input line 381.
Package textcomp Info: Setting lmssq sub-encoding to TS1/0 on input line 382.
Package textcomp Info: Setting lmvtt sub-encoding to TS1/0 on input line 383.
Package textcomp Info: Setting lmtt sub-encoding to TS1/0 on input line 384.
Package textcomp Info: Setting qhv sub-encoding to TS1/0 on input line 385.
Package textcomp Info: Setting qag sub-encoding to TS1/0 on input line 386.
Package textcomp Info: Setting qbk sub-encoding to TS1/0 on input line 387.
Package textcomp Info: Setting qcr sub-encoding to TS1/0 on input line 388.
Package textcomp Info: Setting qcs sub-encoding to TS1/0 on input line 389.
Package textcomp Info: Setting qpl sub-encoding to TS1/0 on input line 390.
Package textcomp Info: Setting qtm sub-encoding to TS1/0 on input line 391.
Package textcomp Info: Setting qzc sub-encoding to TS1/0 on input line 392.
Package textcomp Info: Setting qhvc sub-encoding to TS1/0 on input line 393.
Package textcomp Info: Setting futs sub-encoding to TS1/4 on input line 394.
Package textcomp Info: Setting futx sub-encoding to TS1/4 on input line 395.
Package textcomp Info: Setting futj sub-encoding to TS1/4 on input line 396.
Package textcomp Info: Setting hlh sub-encoding to TS1/3 on input line 397.
Package textcomp Info: Setting hls sub-encoding to TS1/3 on input line 398.
Package textcomp Info: Setting hlst sub-encoding to TS1/3 on input line 399.
Package textcomp Info: Setting hlct sub-encoding to TS1/5 on input line 400.
Package textcomp Info: Setting hlx sub-encoding to TS1/5 on input line 401.
Package textcomp Info: Setting hlce sub-encoding to TS1/5 on input line 402.
Package textcomp Info: Setting hlcn sub-encoding to TS1/5 on input line 403.
Package textcomp Info: Setting hlcw sub-encoding to TS1/5 on input line 404.
Package textcomp Info: Setting hlcf sub-encoding to TS1/5 on input line 405.
Package textcomp Info: Setting pplx sub-encoding to TS1/3 on input line 406.
Package textcomp Info: Setting pplj sub-encoding to TS1/3 on input line 407.
Package textcomp Info: Setting ptmx sub-encoding to TS1/4 on input line 408.
Package textcomp Info: Setting ptmj sub-encoding to TS1/4 on input line 409.
)
(/usr/share/texlive/texmf-dist/tex/latex/amsfonts/amssymb.sty
Package: amssymb 2013/01/14 v3.01 AMS font symbols

(/usr/share/texlive/texmf-dist/tex/latex/amsfonts/amsfonts.sty
Package: amsfonts 2013/01/14 v3.01 Basic AMSFonts support
\symAMSa=\mathgroup4
\symAMSb=\mathgroup5
LaTeX Font Info:    Overwriting math alphabet `\mathfrak' in version `bold'
(Font)                  U/euf/m/n --> U/euf/b/n on input line 106.
))
(/usr/share/texlive/texmf-dist/tex/latex/capt-of/capt-of.sty
Package: capt-of 2009/12/29 v0.2 standard captions outside of floats
)
(/usr/share/texlive/texmf-dist/tex/latex/hyperref/hyperref.sty
Package: hyperref 2018/02/06 v6.86b Hypertext links for LaTeX

(/usr/share/texlive/texmf-dist/tex/generic/oberdiek/hobsub-hyperref.sty
Package: hobsub-hyperref 2016/05/16 v1.14 Bundle oberdiek, subset hyperref (HO)

(/usr/share/texlive/texmf-dist/tex/generic/oberdiek/hobsub-generic.sty
Package: hobsub-generic 2016/05/16 v1.14 Bundle oberdiek, subset generic (HO)
Package: hobsub 2016/05/16 v1.14 Construct package bundles (HO)
Package hobsub Info: Skipping package `infwarerr' (already loaded).
Package hobsub Info: Skipping package `ltxcmds' (already loaded).
Package hobsub Info: Skipping package `ifluatex' (already loaded).
Package: ifvtex 2016/05/16 v1.6 Detect VTeX and its facilities (HO)
Package ifvtex Info: VTeX not detected.
Package: intcalc 2016/05/16 v1.2 Expandable calculations with integers (HO)
Package hobsub Info: Skipping package `ifpdf' (already loaded).
Package hobsub Info: Skipping package `etexcmds' (already loaded).
Package hobsub Info: Skipping package `kvsetkeys' (already loaded).
Package: kvdefinekeys 2016/05/16 v1.4 Define keys (HO)
Package: luatex-loader 2016/05/16 v0.6 Lua module loader (HO)

(/usr/share/texlive/texmf-dist/scripts/oberdiek/oberdiek.luatex.lua)
Package hobsub Info: Skipping package `pdftexcmds' (already loaded).
Package: pdfescape 2016/05/16 v1.14 Implements pdfTeX's escape features (HO)
Package: bigintcalc 2016/05/16 v1.4 Expandable calculations on big integers (HO)

Package: bitset 2016/05/16 v1.2 Handle bit-vector datatype (HO)
Package: uniquecounter 2016/05/16 v1.3 Provide unlimited unique counter (HO)
)
Package hobsub Info: Skipping package `hobsub' (already loaded).
Package: letltxmacro 2016/05/16 v1.5 Let assignment for LaTeX macros (HO)
Package: hopatch 2016/05/16 v1.3 Wrapper for package hooks (HO)
Package: xcolor-patch 2016/05/16 xcolor patch
Package: atveryend 2016/05/16 v1.9 Hooks at the very end of document (HO)
Package atveryend Info: \enddocument detected (standard20110627).
Package: atbegshi 2016/06/09 v1.18 At begin shipout hook (HO)
Package: refcount 2016/05/16 v3.5 Data extraction from label references (HO)
Package: hycolor 2016/05/16 v1.8 Color options for hyperref/bookmark (HO)
)
(/usr/share/texlive/texmf-dist/tex/latex/oberdiek/auxhook.sty
Package: auxhook 2016/05/16 v1.4 Hooks for auxiliary files (HO)
)
\@linkdim=\dimen120
\Hy@linkcounter=\count107
\Hy@pagecounter=\count108

(/usr/share/texlive/texmf-dist/tex/latex/hyperref/pd1enc.def
File: pd1enc.def 2018/02/06 v6.86b Hyperref: PDFDocEncoding definition (HO)
)
\Hy@SavedSpaceFactor=\count109

(/usr/share/texlive/texmf-dist/tex/latex/latexconfig/hyperref.cfg
File: hyperref.cfg 2002/06/06 v1.2 hyperref configuration of TeXLive
)
Package hyperref Info: Hyper figures OFF on input line 4509.
Package hyperref Info: Link nesting OFF on input line 4514.
Package hyperref Info: Hyper index ON on input line 4517.
Package hyperref Info: Plain pages OFF on input line 4524.
Package hyperref Info: Backreferencing OFF on input line 4529.
Package hyperref Info: Implicit mode ON; LaTeX internals redefined.
Package hyperref Info: Bookmarks ON on input line 4762.
\c@Hy@tempcnt=\count110

(/usr/share/texlive/texmf-dist/tex/latex/url/url.sty
\Urlmuskip=\muskip11
Package: url 2013/09/16  ver 3.4  Verb mode for urls, etc.
)
LaTeX Info: Redefining \url on input line 5115.
\XeTeXLinkMargin=\dimen121
\Fld@menulength=\count111
\Field@Width=\dimen122
\Fld@charsize=\dimen123
Package hyperref Info: Hyper figures OFF on input line 6369.
Package hyperref Info: Link nesting OFF on input line 6374.
Package hyperref Info: Hyper index ON on input line 6377.
Package hyperref Info: backreferencing OFF on input line 6384.
Package hyperref Info: Link coloring OFF on input line 6389.
Package hyperref Info: Link coloring with OCG OFF on input line 6394.
Package hyperref Info: PDF/A mode OFF on input line 6399.
LaTeX Info: Redefining \ref on input line 6439.
LaTeX Info: Redefining \pageref on input line 6443.
\Hy@abspage=\count112
\c@Item=\count113
\c@Hfootnote=\count114
)
Package hyperref Info: Driver (autodetected): hluatex.

(/usr/share/texlive/texmf-dist/tex/latex/hyperref/hluatex.def
File: hluatex.def 2018/02/06 v6.86b Hyperref driver for luaTeX
\Fld@listcount=\count115
\c@bookmark@seq@number=\count116

(/usr/share/texlive/texmf-dist/tex/latex/oberdiek/rerunfilecheck.sty
Package: rerunfilecheck 2016/05/16 v1.8 Rerun checks for auxiliary files (HO)
Package uniquecounter Info: New unique counter `rerunfilecheck' on input line 28
2.
)
\Hy@SectionHShift=\skip53
)
(/usr/share/texlive/texmf-dist/tex/latex/geometry/geometry.sty
Package: geometry 2010/09/12 v5.6 Page Geometry
\Gm@cnth=\count117
\Gm@cntv=\count118
\c@Gm@tempcnt=\count119
\Gm@bindingoffset=\dimen124
\Gm@wd@mp=\dimen125
\Gm@odd@mp=\dimen126
\Gm@even@mp=\dimen127
\Gm@layoutwidth=\dimen128
\Gm@layoutheight=\dimen129
\Gm@layouthoffset=\dimen130
\Gm@layoutvoffset=\dimen131
\Gm@dimlist=\toks27
)
(/usr/share/texlive/texmf-dist/tex/latex/fancyhdr/fancyhdr.sty
Package: fancyhdr 2017/06/30 v3.9a Extensive control of page headers and footers

\f@nch@headwidth=\skip54
\f@nch@O@elh=\skip55
\f@nch@O@erh=\skip56
\f@nch@O@olh=\skip57
\f@nch@O@orh=\skip58
\f@nch@O@elf=\skip59
\f@nch@O@erf=\skip60
\f@nch@O@olf=\skip61
\f@nch@O@orf=\skip62
)
(/usr/share/texlive/texmf-dist/tex/latex/setspace/setspace.sty
Package: setspace 2011/12/19 v6.7a set line spacing
)
(/usr/share/texlive/texmf-dist/tex/latex/fontspec/fontspec.sty
(/usr/share/texlive/texmf-dist/tex/latex/l3packages/xparse/xparse.sty
(/usr/share/texlive/texmf-dist/tex/latex/l3kernel/expl3.sty
Package: expl3 2018/02/21 L3 programming layer (loader) 

(/usr/share/texlive/texmf-dist/tex/latex/l3kernel/expl3-code.tex
Package: expl3 2018/02/21 L3 programming layer (code)
\ucharcat@table=\catcodetable5
\c_max_int=\count120
\l_tmpa_int=\count121
\l_tmpb_int=\count122
\g_tmpa_int=\count123
\g_tmpb_int=\count124
\g__intarray_font_int=\count125
\g__prg_map_int=\count126
\c_log_iow=\count127
\l_iow_line_count_int=\count128
\l__iow_line_target_int=\count129
\l__iow_one_indent_int=\count130
\l__iow_indent_int=\count131
\c_zero_dim=\dimen132
\c_max_dim=\dimen133
\l_tmpa_dim=\dimen134
\l_tmpb_dim=\dimen135
\g_tmpa_dim=\dimen136
\g_tmpb_dim=\dimen137
\c_zero_skip=\skip63
\c_max_skip=\skip64
\l_tmpa_skip=\skip65
\l_tmpb_skip=\skip66
\g_tmpa_skip=\skip67
\g_tmpb_skip=\skip68
\c_zero_muskip=\muskip12
\c_max_muskip=\muskip13
\l_tmpa_muskip=\muskip14
\l_tmpb_muskip=\muskip15
\g_tmpa_muskip=\muskip16
\g_tmpb_muskip=\muskip17
\l_keys_choice_int=\count132
\c__fp_leading_shift_int=\count133
\c__fp_middle_shift_int=\count134
\c__fp_trailing_shift_int=\count135
\c__fp_big_leading_shift_int=\count136
\c__fp_big_middle_shift_int=\count137
\c__fp_big_trailing_shift_int=\count138
\c__fp_Bigg_leading_shift_int=\count139
\c__fp_Bigg_middle_shift_int=\count140
\c__fp_Bigg_trailing_shift_int=\count141
\c__fp_rand_size_int=\count142
\c__fp_rand_four_int=\count143
\c__fp_rand_eight_int=\count144
\l__sort_length_int=\count145
\l__sort_min_int=\count146
\l__sort_top_int=\count147
\l__sort_max_int=\count148
\l__sort_true_max_int=\count149
\l__sort_block_int=\count150
\l__sort_begin_int=\count151
\l__sort_end_int=\count152
\l__sort_A_int=\count153
\l__sort_B_int=\count154
\l__sort_C_int=\count155
\l__tl_build_start_index_int=\count156
\l__tl_build_index_int=\count157
\l__tl_analysis_normal_int=\count158
\l__tl_analysis_index_int=\count159
\l__tl_analysis_nesting_int=\count160
\l__tl_analysis_type_int=\count161
\l__regex_internal_a_int=\count162
\l__regex_internal_b_int=\count163
\l__regex_internal_c_int=\count164
\l__regex_balance_int=\count165
\l__regex_group_level_int=\count166
\l__regex_mode_int=\count167
\c__regex_cs_in_class_mode_int=\count168
\c__regex_cs_mode_int=\count169
\l__regex_catcodes_int=\count170
\l__regex_default_catcodes_int=\count171
\c__regex_catcode_L_int=\count172
\c__regex_catcode_O_int=\count173
\c__regex_catcode_A_int=\count174
\c__regex_all_catcodes_int=\count175
\l__regex_show_lines_int=\count176
\l__regex_min_state_int=\count177
\l__regex_max_state_int=\count178
\l__regex_left_state_int=\count179
\l__regex_right_state_int=\count180
\l__regex_capturing_group_int=\count181
\l__regex_min_pos_int=\count182
\l__regex_max_pos_int=\count183
\l__regex_curr_pos_int=\count184
\l__regex_start_pos_int=\count185
\l__regex_success_pos_int=\count186
\l__regex_curr_char_int=\count187
\l__regex_curr_catcode_int=\count188
\l__regex_last_char_int=\count189
\l__regex_case_changed_char_int=\count190
\l__regex_curr_state_int=\count191
\l__regex_step_int=\count192
\l__regex_min_active_int=\count193
\l__regex_max_active_int=\count194
\l__regex_replacement_csnames_int=\count195
\l__regex_match_count_int=\count196
\l__regex_min_submatch_int=\count197
\l__regex_submatch_int=\count198
\l__regex_zeroth_submatch_int=\count199
\g__regex_trace_regex_int=\count266
\c_empty_box=\box37
\l_tmpa_box=\box38
\l_tmpb_box=\box39
\g_tmpa_box=\box40
\g_tmpb_box=\box41
\l__box_top_dim=\dimen138
\l__box_bottom_dim=\dimen139
\l__box_left_dim=\dimen140
\l__box_right_dim=\dimen141
\l__box_top_new_dim=\dimen142
\l__box_bottom_new_dim=\dimen143
\l__box_left_new_dim=\dimen144
\l__box_right_new_dim=\dimen145
\l__box_internal_box=\box42
\l__coffin_internal_box=\box43
\l__coffin_internal_dim=\dimen146
\l__coffin_offset_x_dim=\dimen147
\l__coffin_offset_y_dim=\dimen148
\l__coffin_x_dim=\dimen149
\l__coffin_y_dim=\dimen150
\l__coffin_x_prime_dim=\dimen151
\l__coffin_y_prime_dim=\dimen152
\c_empty_coffin=\box44
\l__coffin_aligned_coffin=\box45
\l__coffin_aligned_internal_coffin=\box46
\l_tmpa_coffin=\box47
\l_tmpb_coffin=\box48
\l__coffin_display_coffin=\box49
\l__coffin_display_coord_coffin=\box50
\l__coffin_display_pole_coffin=\box51
\l__coffin_display_offset_dim=\dimen153
\l__coffin_display_x_dim=\dimen154
\l__coffin_display_y_dim=\dimen155
\l__coffin_bounding_shift_dim=\dimen156
\l__coffin_left_corner_dim=\dimen157
\l__coffin_right_corner_dim=\dimen158
\l__coffin_bottom_corner_dim=\dimen159
\l__coffin_top_corner_dim=\dimen160
\l__coffin_scaled_total_height_dim=\dimen161
\l__coffin_scaled_width_dim=\dimen162
)
(/usr/share/texlive/texmf-dist/tex/latex/l3kernel/l3pdfmode.def
File: l3pdfmode.def 2017/03/18 v L3 Experimental driver: PDF mode
\l__driver_color_stack_int=\count267
\l__driver_tmp_box=\box52
))
Package: xparse 2018/02/21 L3 Experimental document command parser
\l__xparse_current_arg_int=\count268
\g__xparse_grabber_int=\count269
\l__xparse_m_args_int=\count270
\l__xparse_mandatory_args_int=\count271
\l__xparse_v_nesting_int=\count272
)
Package: fontspec 2017/11/09 v2.6g Font selection for XeLaTeX and LuaLaTeX
Lua module: fontspec 2017/11/09 2.6g Font selection for XeLaTeX and LuaLaTeX
(/usr/share/texlive/texmf-dist/tex/latex/fontspec/fontspec-luatex.sty
Package: fontspec-luatex 2017/11/09 v2.6g Font selection for XeLaTeX and LuaLaTe
X
\l__fontspec_script_int=\count273
\l__fontspec_language_int=\count274
\l__fontspec_strnum_int=\count275
\l__fontspec_tmp_int=\count276
\l__fontspec_em_int=\count277
\l__fontspec_emdef_int=\count278
\l__fontspec_strong_int=\count279
\l__fontspec_strongdef_int=\count280
\l__fontspec_tmpa_dim=\dimen163
\l__fontspec_tmpb_dim=\dimen164
\l__fontspec_tmpc_dim=\dimen165
\g__file_internal_ior=\read1

(/usr/share/texlive/texmf-dist/tex/latex/base/fontenc.sty
Package: fontenc 2017/04/05 v2.0i Standard LaTeX package

(/usr/share/texlive/texmf-dist/tex/latex/base/tuenc.def
File: tuenc.def 2017/04/05 v2.0i Standard LaTeX file
LaTeX Font Info:    Redeclaring font encoding TU on input line 82.
))
.................................................
. LaTeX info: "xparse/define-command"
. 
. Defining command \fontspec with sig. 'O{}mO{}' on line 545.
.................................................
.................................................
. LaTeX info: "xparse/define-command"
. 
. Defining command \setmainfont with sig. 'O{}mO{}' on line 549.
.................................................
.................................................
. LaTeX info: "xparse/define-command"
. 
. Defining command \setsansfont with sig. 'O{}mO{}' on line 553.
.................................................
.................................................
. LaTeX info: "xparse/define-command"
. 
. Defining command \setmonofont with sig. 'O{}mO{}' on line 557.
.................................................
.................................................
. LaTeX info: "xparse/define-command"
. 
. Defining command \setmathrm with sig. 'O{}mO{}' on line 561.
.................................................
.................................................
. LaTeX info: "xparse/define-command"
. 
. Defining command \setboldmathrm with sig. 'O{}mO{}' on line 565.
.................................................
.................................................
. LaTeX info: "xparse/define-command"
. 
. Defining command \setmathsf with sig. 'O{}mO{}' on line 569.
.................................................
.................................................
. LaTeX info: "xparse/define-command"
. 
. Defining command \setmathtt with sig. 'O{}mO{}' on line 573.
.................................................
.................................................
. LaTeX info: "xparse/define-command"
. 
. Defining command \setromanfont with sig. 'O{}mO{}' on line 577.
.................................................
.................................................
. LaTeX info: "xparse/define-command"
. 
. Defining command \newfontfamily with sig. 'mO{}mO{}' on line 581.
.................................................
.................................................
. LaTeX info: "xparse/define-command"
. 
. Defining command \newfontface with sig. 'mO{}mO{}' on line 585.
.................................................
.................................................
. LaTeX info: "xparse/define-command"
. 
. Defining command \defaultfontfeatures with sig. 't+om' on line 589.
.................................................
.................................................
. LaTeX info: "xparse/define-command"
. 
. Defining command \addfontfeatures with sig. 'm' on line 593.
.................................................
.................................................
. LaTeX info: "xparse/define-command"
. 
. Defining command \addfontfeature with sig. 'm' on line 597.
.................................................
.................................................
. LaTeX info: "xparse/define-command"
. 
. Defining command \newfontfeature with sig. 'mm' on line 601.
.................................................
.................................................
. LaTeX info: "xparse/define-command"
. 
. Defining command \newAATfeature with sig. 'mmmm' on line 605.
.................................................
.................................................
. LaTeX info: "xparse/define-command"
. 
. Defining command \newopentypefeature with sig. 'mmm' on line 609.
.................................................
.................................................
. LaTeX info: "xparse/define-command"
. 
. Defining command \newICUfeature with sig. 'mmm' on line 613.
.................................................
.................................................
. LaTeX info: "xparse/define-command"
. 
. Defining command \aliasfontfeature with sig. 'mm' on line 617.
.................................................
.................................................
. LaTeX info: "xparse/define-command"
. 
. Defining command \aliasfontfeatureoption with sig. 'mmm' on line 621.
.................................................
.................................................
. LaTeX info: "xparse/define-command"
. 
. Defining command \newfontscript with sig. 'mm' on line 625.
.................................................
.................................................
. LaTeX info: "xparse/define-command"
. 
. Defining command \newfontlanguage with sig. 'mm' on line 629.
.................................................
.................................................
. LaTeX info: "xparse/define-command"
. 
. Defining command \DeclareFontsExtensions with sig. 'm' on line 633.
.................................................
.................................................
. LaTeX info: "xparse/define-command"
. 
. Defining command \IfFontFeatureActiveTF with sig. 'mmm' on line 637.
.................................................
.................................................
. LaTeX info: "xparse/define-command"
. 
. Defining command \EncodingCommand with sig. 'mO{}m' on line 3366.
.................................................
.................................................
. LaTeX info: "xparse/define-command"
. 
. Defining command \EncodingAccent with sig. 'mm' on line 3372.
.................................................
.................................................
. LaTeX info: "xparse/define-command"
. 
. Defining command \EncodingSymbol with sig. 'mm' on line 3378.
.................................................
.................................................
. LaTeX info: "xparse/define-command"
. 
. Defining command \EncodingComposite with sig. 'mmm' on line 3384.
.................................................
.................................................
. LaTeX info: "xparse/define-command"
. 
. Defining command \EncodingCompositeCommand with sig. 'mmm' on line 3390.
.................................................
.................................................
. LaTeX info: "xparse/define-command"
. 
. Defining command \DeclareUnicodeEncoding with sig. 'mm' on line 3415.
.................................................
.................................................
. LaTeX info: "xparse/define-command"
. 
. Defining command \UndeclareSymbol with sig. 'm' on line 3421.
.................................................
.................................................
. LaTeX info: "xparse/define-command"
. 
. Defining command \UndeclareAccent with sig. 'm' on line 3427.
.................................................
.................................................
. LaTeX info: "xparse/define-command"
. 
. Defining command \UndeclareCommand with sig. 'm' on line 3433.
.................................................
.................................................
. LaTeX info: "xparse/define-command"
. 
. Defining command \UndeclareComposite with sig. 'mm' on line 3440.
.................................................

(/usr/share/texlive/texmf-dist/tex/latex/fontspec/fontspec.cfg)
LaTeX Info: Redefining \itshape on input line 3625.
LaTeX Info: Redefining \slshape on input line 3630.
LaTeX Info: Redefining \scshape on input line 3635.
LaTeX Info: Redefining \upshape on input line 3640.
LaTeX Info: Redefining \em on input line 3670.
LaTeX Info: Redefining \emph on input line 3695.
(load luc: /home/user/.texlive2017/texmf-var/luatex-cache/generic/fonts/otl/lmro
man10-bold.luc)(load luc: /home/user/.texlive2017/texmf-var/luatex-cache/generic
/fonts/otl/lmroman10-italic.luc)
LaTeX Info: Redefining \- on input line 3749.
.................................................
. LaTeX info: "xparse/redefine-command"
. 
. Redefining command \oldstylenums with sig. 'm' on line 3844.
.................................................
.................................................
. LaTeX info: "xparse/define-command"
. 
. Defining command \liningnums with sig. 'm' on line 3848.
.................................................
))
(/usr/share/texlive/texmf-dist/tex/latex/bold-extra/bold-extra.sty
Package: bold-extra 2001/11/13 v0.1 Use fonts from cm/mf-extra/bold
)(load luc: /home/user/.texlive2017/texmf-var/luatex-cache/generic/fonts/otl/tav
iraj-light.luc)
\g__fontspec_family_Taviraj_int=\count281
luaotfload | aux : font no 28 (nil) does not define feature smcp for script latn
 with language dflt
luaotfload | aux : no font with id 28(load luc: /home/user/.texlive2017/texmf-va
r/luatex-cache/generic/fonts/otl/taviraj-semibold.luc)
luaotfload | aux : font no 29 (nil) does not define feature smcp for script latn
 with language dflt
luaotfload | aux : no font with id 29(load luc: /home/user/.texlive2017/texmf-va
r/luatex-cache/generic/fonts/otl/taviraj-lightitalic.luc)
luaotfload | aux : font no 30 (nil) does not define feature smcp for script latn
 with language dflt
luaotfload | aux : no font with id 30(load luc: /home/user/.texlive2017/texmf-va
r/luatex-cache/generic/fonts/otl/taviraj-semibolditalic.luc)
luaotfload | aux : font no 31 (nil) does not define feature smcp for script latn
 with language dflt
luaotfload | aux : no font with id 31
.................................................
. fontspec info: "defining-font"
. 
. Font family 'Taviraj(0)' created for font 'Taviraj' with options
. [Ligatures=TeX,Path = /project/research/resources/fonts/Taviraj/,Extension =
. .ttf,Scale=1.1,UprightFont = *-Light,BoldFont = *-SemiBold,ItalicFont =
. *-LightItalic,BoldItalicFont = *-SemiBoldItalic].
.  
.  This font family consists of the following NFSS series/shapes:
.  
. - 'normal' (m/n) with NFSS spec.:
. <->s*[1.1]"[/project/research/resources/fonts/Taviraj/Taviraj-Light.ttf]:mode=
node;script=latn;language=DFLT;+tlig;"
. - 'small caps'  (m/sc) with NFSS spec.: 
. - 'bold' (bx/n) with NFSS spec.:
. <->s*[1.1]"[/project/research/resources/fonts/Taviraj/Taviraj-SemiBold.ttf]:mo
de=node;script=latn;language=DFLT;+tlig;"
. - 'bold small caps'  (bx/sc) with NFSS spec.: 
. - 'italic' (m/it) with NFSS spec.:
. <->s*[1.1]"[/project/research/resources/fonts/Taviraj/Taviraj-LightItalic.ttf]
:mode=node;script=latn;language=DFLT;+tlig;"
. - 'italic small caps'  (m/itsc) with NFSS spec.: 
. - 'bold italic' (bx/it) with NFSS spec.:
. <->s*[1.1]"[/project/research/resources/fonts/Taviraj/Taviraj-SemiBoldItalic.t
tf]:mode=node;script=latn;language=DFLT;+tlig;"
. - 'bold italic small caps'  (bx/itsc) with NFSS spec.: 
.................................................
LaTeX Info: Redefining \rmfamily on input line 25.
LaTeX Font Info:    Font shape `TU/Taviraj(0)/m/n' will be
(Font)              scaled to size 11.00006pt on input line 25.
(load luc: /home/user/.texlive2017/texmf-var/luatex-cache/generic/fonts/otl/mont
serrat-regular.luc)
.................................................
. fontspec info: "set-scale"
. 
. Montserrat-Regular scale = 0.9847673688616072.
.................................................
\g__fontspec_family_Montserrat_int=\count282
.................................................
. fontspec info: "set-scale"
. 
. Montserrat-Regular scale = 0.9847673688616072.
.................................................
.................................................
. fontspec info: "set-scale"
. 
. Montserrat-Regular scale = 0.9847673688616072.
.................................................
(load luc: /home/user/.texlive2017/texmf-var/luatex-cache/generic/fonts/otl/mont
serrat-bold.luc)
.................................................
. fontspec info: "set-scale"
. 
. Montserrat-Bold scale = 0.9609710026546866.
.................................................
.................................................
. fontspec info: "set-scale"
. 
. Montserrat-Bold scale = 0.9609710026546866.
.................................................
(load luc: /home/user/.texlive2017/texmf-var/luatex-cache/generic/fonts/otl/mont
serrat-italic.luc)
.................................................
. fontspec info: "set-scale"
. 
. Montserrat-Italic scale = 0.9847673688616072.
.................................................
.................................................
. fontspec info: "set-scale"
. 
. Montserrat-Italic scale = 0.9847673688616072.
.................................................
(load luc: /home/user/.texlive2017/texmf-var/luatex-cache/generic/fonts/otl/mont
serrat-bolditalic.luc)
.................................................
. fontspec info: "set-scale"
. 
. Montserrat-BoldItalic scale = 0.9609710026546866.
.................................................
.................................................
. fontspec info: "set-scale"
. 
. Montserrat-BoldItalic scale = 0.9609710026546866.
.................................................
.................................................
. fontspec info: "defining-font"
. 
. Font family 'Montserrat(0)' created for font 'Montserrat' with options
. [Ligatures=TeX,Path =
. /project/research/resources/fonts/Montserrat/,Extension =
. .ttf,Scale=MatchLowercase,UprightFont = *-Regular,BoldFont =
. *-Bold,ItalicFont = *-Italic,BoldItalicFont = *-BoldItalic].
.  
.  This font family consists of the following NFSS series/shapes:
.  
. - 'normal' (m/n) with NFSS spec.:
. <->s*[0.9847673688616072]"[/project/research/resources/fonts/Montserrat/Montse
rrat-Regular.ttf]:mode=node;script=latn;language=DFLT;+tlig;"
. - 'small caps'  (m/sc) with NFSS spec.:
. <->s*[0.9847673688616072]"[/project/research/resources/fonts/Montserrat/Montse
rrat-Regular.ttf]:mode=node;script=latn;language=DFLT;+tlig;+smcp;"
. - 'bold' (bx/n) with NFSS spec.:
. <->s*[0.9609710026546866]"[/project/research/resources/fonts/Montserrat/Montse
rrat-Bold.ttf]:mode=node;script=latn;language=DFLT;+tlig;"
. - 'bold small caps'  (bx/sc) with NFSS spec.:
. <->s*[0.9609710026546866]"[/project/research/resources/fonts/Montserrat/Montse
rrat-Bold.ttf]:mode=node;script=latn;language=DFLT;+tlig;+smcp;"
. - 'italic' (m/it) with NFSS spec.:
. <->s*[0.9847673688616072]"[/project/research/resources/fonts/Montserrat/Montse
rrat-Italic.ttf]:mode=node;script=latn;language=DFLT;+tlig;"
. - 'italic small caps'  (m/itsc) with NFSS spec.:
. <->s*[0.9847673688616072]"[/project/research/resources/fonts/Montserrat/Montse
rrat-Italic.ttf]:mode=node;script=latn;language=DFLT;+tlig;+smcp;"
. - 'bold italic' (bx/it) with NFSS spec.:
. <->s*[0.9609710026546866]"[/project/research/resources/fonts/Montserrat/Montse
rrat-BoldItalic.ttf]:mode=node;script=latn;language=DFLT;+tlig;"
. - 'bold italic small caps'  (bx/itsc) with NFSS spec.:
. <->s*[0.9609710026546866]"[/project/research/resources/fonts/Montserrat/Montse
rrat-BoldItalic.ttf]:mode=node;script=latn;language=DFLT;+tlig;+smcp;"
.................................................
LaTeX Info: Redefining \sffamily on input line 26.
(load luc: /home/user/.texlive2017/texmf-var/luatex-cache/generic/fonts/otl/inco
nsolata-regular.luc)
\g__fontspec_family_Inconsolata_int=\count283
luaotfload | aux : font no 37 (nil) does not define feature smcp for script latn
 with language dflt
luaotfload | aux : no font with id 37(load luc: /home/user/.texlive2017/texmf-va
r/luatex-cache/generic/fonts/otl/inconsolata-bold.luc)
luaotfload | aux : font no 38 (nil) does not define feature smcp for script latn
 with language dflt
luaotfload | aux : no font with id 38
.................................................
. fontspec info: "defining-font"
. 
. Font family 'Inconsolata(0)' created for font 'Inconsolata' with options
. [WordSpace={1,0,0},HyphenChar=None,PunctuationSpace=WordSpace,Path =
. /project/research/resources/fonts/Inconsolata/,Extension =
. .ttf,Scale=0.9,UprightFont = *-Regular,BoldFont = *-Bold].
.  
.  This font family consists of the following NFSS series/shapes:
.  
. - 'normal' (m/n) with NFSS spec.:
. <->s*[0.9]"[/project/research/resources/fonts/Inconsolata/Inconsolata-Regular.
ttf]:mode=node;script=latn;language=DFLT;"
. - 'small caps'  (m/sc) with NFSS spec.: 
. and font adjustment code:
. \fontdimen 2\font =1\fontdimen 2\font \fontdimen 3\font =0\fontdimen 3\font
. \fontdimen 4\font =0\fontdimen 4\font \fontdimen 7\font =0\fontdimen 2\font
. \tex_hyphenchar:D \font =-1\scan_stop: 
. - 'bold' (bx/n) with NFSS spec.:
. <->s*[0.9]"[/project/research/resources/fonts/Inconsolata/Inconsolata-Bold.ttf
]:mode=node;script=latn;language=DFLT;"
. - 'bold small caps'  (bx/sc) with NFSS spec.: 
. and font adjustment code:
. \fontdimen 2\font =1\fontdimen 2\font \fontdimen 3\font =0\fontdimen 3\font
. \fontdimen 4\font =0\fontdimen 4\font \fontdimen 7\font =0\fontdimen 2\font
. \tex_hyphenchar:D \font =-1\scan_stop: 
.................................................
LaTeX Info: Redefining \ttfamily on input line 27.

(/usr/share/texlive/texmf-dist/tex/latex/titlesec/titlesec.sty
Package: titlesec 2016/03/21 v2.10.2 Sectioning titles
\ttl@box=\box53
\beforetitleunit=\skip69
\aftertitleunit=\skip70
\ttl@plus=\dimen166
\ttl@minus=\dimen167
\ttl@toksa=\toks28
\titlewidth=\dimen168
\titlewidthlast=\dimen169
\titlewidthfirst=\dimen170
)
(/usr/share/texlive/texmf-dist/tex/latex/unicode-math/unicode-math.sty
Package: unicode-math 2018/02/02 vv0.8l Unicode maths in XeLaTeX and LuaLaTeX

(/usr/share/texlive/texmf-dist/tex/latex/unicode-math/unicode-math-luatex.sty
Package: unicode-math-luatex 2018/02/02 vv0.8l Unicode maths in XeLaTeX and LuaL
aTeX

(/usr/share/texlive/texmf-dist/tex/latex/l3packages/l3keys2e/l3keys2e.sty
Package: l3keys2e 2018/02/21 LaTeX2e option processing using LaTeX3 keys
)
(/usr/share/texlive/texmf-dist/tex/latex/filehook/filehook.sty
Package: filehook 2011/10/12 v0.5d Hooks for input files
)
(/usr/share/texlive/texmf-dist/tex/latex/base/fix-cm.sty
Package: fix-cm 2015/01/14 v1.1t fixes to LaTeX

(/usr/share/texlive/texmf-dist/tex/latex/base/ts1enc.def
File: ts1enc.def 2001/06/05 v3.0e (jk/car/fm) Standard LaTeX file
LaTeX Font Info:    Redeclaring font encoding TS1 on input line 47.
))
(/usr/share/texlive/texmf-dist/tex/lualatex/lualatex-math/lualatex-math.sty
Package: lualatex-math 2017/06/15 v1.7 Patches for mathematics typesetting with 
LuaLaTeX

(/usr/share/texlive/texmf-dist/tex/latex/etoolbox/etoolbox.sty
Package: etoolbox 2018/02/11 v2.5e e-TeX tools for LaTeX (JAW)
\etb@tempcnta=\count284
)
Lua module: lualatex-math 2013/08/03 1.3 Patches for mathematics typesetting wit
h LuaLaTeX
.................................................
. lualatex-math info: "patch-macro"
. 
. I'm going to patch macro \subarray.
.................................................
.................................................
. lualatex-math info: "patch-macro"
. 
. I'm going to patch macro \frac .
.................................................
.................................................
. lualatex-math info: "patch-macro"
. 
. I'm going to patch macro \genfrac .
.................................................
)
\g__um_fam_int=\count285
\g__um_fonts_used_int=\count286
\l__um_primecount_int=\count287
\g__um_primekern_muskip=\muskip18
.................................................
. LaTeX info: "xparse/define-command"
. 
. Defining command \unimathsetup with sig. 'm' on line 277.
.................................................
.................................................
. LaTeX info: "xparse/define-command"
. 
. Defining command \setmathfont with sig. 'O{}mO{}' on line 281.
.................................................
.................................................
. LaTeX info: "xparse/define-command"
. 
. Defining command \setmathfontface with sig. 'mO{}mO{}' on line 285.
.................................................
.................................................
. LaTeX info: "xparse/define-command"
. 
. Defining command \setoperatorfont with sig. 'm' on line 290.
.................................................
.................................................
. LaTeX info: "xparse/define-command"
. 
. Defining command \addnolimits with sig. 'm' on line 295.
.................................................
.................................................
. LaTeX info: "xparse/define-command"
. 
. Defining command \removenolimits with sig. 'm' on line 299.
.................................................

(/usr/share/texlive/texmf-dist/tex/latex/unicode-math/unicode-math-table.tex)
.................................................
. unicode-math info: "patch-macro"
. 
. I'm going to patch macro \plainroot@.
.................................................
.................................................
. unicode-math info: "patch-macro"
. 
. I'm going to patch macro \r@@t.
.................................................
.................................................
. LaTeX info: "xparse/redefine-command"
. 
. Redefining command \not with sig. 'm' on line 3840.
.................................................
.................................................
. LaTeX info: "xparse/define-command"
. 
. Defining command \NewNegationCommand with sig. 'mm' on line 3844.
.................................................
.................................................
. LaTeX info: "xparse/define-command"
. 
. Defining command \RenewNegationCommand with sig. 'mm' on line 3848.
.................................................
))(load luc: /home/user/.texlive2017/texmf-var/luatex-cache/generic/fonts/otl/te
xgyrepagella-math.luc)
\g__fontspec_family_texgyrepagella-math_int=\count288
luaotfload | aux : font no 39 (nil) does not define feature smcp for script math
 with language dflt
luaotfload | aux : no font with id 39
.................................................
. fontspec info: "defining-font"
. 
. Font family 'texgyrepagella-math(0)' created for font 'texgyrepagella-math'
. with options
. [Ligatures=TeX,Renderer=Basic,BoldItalicFont={},ItalicFont={},Script=Math,Font
Adjustment={\__um_luatex_copy_fontdimens:
. },Path={/project/research/resources/fonts/TexGyre/},Extension={.otf}].
.  
.  This font family consists of the following NFSS series/shapes:
.  
. - 'normal' (m/n) with NFSS spec.:
. <->"[/project/research/resources/fonts/TexGyre/texgyrepagella-math.otf]:mode=b
ase;script=math;language=DFLT;+tlig;"
. - 'small caps'  (m/sc) with NFSS spec.: 
. and font adjustment code:
. \__um_luatex_copy_fontdimens: 
.................................................
luaotfload | aux : font no 39 (nil) does not define feature smcp for script math
 with language dflt
luaotfload | aux : no font with id 39
.................................................
. fontspec info: "defining-font"
. 
. Font family 'texgyrepagella-math(1)' created for font 'texgyrepagella-math'
. with options
. [Ligatures=TeX,Renderer=Basic,BoldItalicFont={},ItalicFont={},Script=Math,Size
Features={{Size=8.5-},{Size=6-8.5,Font=texgyrepagella-math,Style=MathScript},{Si
ze=-6,Font=texgyrepagella-math,Style=MathScriptScript}},FontAdjustment={\__um_lu
atex_copy_fontdimens:
. },Path={/project/research/resources/fonts/TexGyre/},Extension={.otf}].
.  
.  This font family consists of the following NFSS series/shapes:
.  
. - 'normal' (m/n) with NFSS spec.:
. <8.5->"[/project/research/resources/fonts/TexGyre/texgyrepagella-math.otf]:mod
e=base;script=math;language=DFLT;+tlig;"<6-8.5>"[/project/research/resources/fon
ts/TexGyre/texgyrepagella-math.otf]:mode=base;script=math;language=DFLT;+tlig;+s
sty=0;"<-6>"[/project/research/resources/fonts/TexGyre/texgyrepagella-math.otf]:
mode=base;script=math;language=DFLT;+tlig;+ssty=1;"
. - 'small caps'  (m/sc) with NFSS spec.: 
. and font adjustment code:
. \__um_luatex_copy_fontdimens: 
.................................................
LaTeX Font Info:    Encoding `OT1' has changed to `TU' for symbol font
(Font)              `operators' in the math version `normal' on input line 34.
LaTeX Font Info:    Overwriting symbol font `operators' in version `normal'
(Font)                  OT1/cmr/m/n --> TU/texgyrepagella-math(1)/m/n on input l
ine 34.
LaTeX Font Info:    Encoding `OT1' has changed to `TU' for symbol font
(Font)              `operators' in the math version `bold' on input line 34.
LaTeX Font Info:    Overwriting symbol font `operators' in version `bold'
(Font)                  OT1/cmr/bx/n --> TU/texgyrepagella-math(1)/bx/n on input
 line 34.
luaotfload | aux : font no 39 (nil) does not define feature smcp for script math
 with language dflt
luaotfload | aux : no font with id 39
.................................................
. fontspec info: "defining-font"
. 
. Font family 'texgyrepagella-math(2)' created for font 'texgyrepagella-math'
. with options
. [Ligatures=TeX,Renderer=Basic,BoldItalicFont={},ItalicFont={},Script=Math,Size
Features={{Size=8.5-},{Size=6-8.5,Font=texgyrepagella-math,Style=MathScript},{Si
ze=-6,Font=texgyrepagella-math,Style=MathScriptScript}},FontAdjustment={\__um_lu
atex_copy_fontdimens:
. },Path={/project/research/resources/fonts/TexGyre/},Extension={.otf},Scale=1.0
0001,FontAdjustment={\fontdimen
. 8\font =7.2pt\relax \fontdimen 9\font =4.68999pt\relax \fontdimen 10\font
. =4.68999pt\relax \fontdimen 11\font =6.65999pt\relax \fontdimen 12\font
. =3.10999pt\relax \fontdimen 13\font =3.54pt\relax \fontdimen 14\font
. =3.54pt\relax \fontdimen 15\font =2.95999pt\relax \fontdimen 16\font
. =2.31999pt\relax \fontdimen 17\font =2.31999pt\relax \fontdimen 18\font
. =2.31999pt\relax \fontdimen 19\font =1.15999pt\relax \fontdimen 22\font
. =2.5pt\relax \fontdimen 20\font =0pt\relax \fontdimen 21\font =0pt\relax }].
.  
.  This font family consists of the following NFSS series/shapes:
.  
. - 'normal' (m/n) with NFSS spec.:
. <8.5->s*[1.00001]"[/project/research/resources/fonts/TexGyre/texgyrepagella-ma
th.otf]:mode=base;script=math;language=DFLT;+tlig;"<6-8.5>s*[1.00001]"[/project/
research/resources/fonts/TexGyre/texgyrepagella-math.otf]:mode=base;script=math;
language=DFLT;+tlig;+ssty=0;"<-6>s*[1.00001]"[/project/research/resources/fonts/
TexGyre/texgyrepagella-math.otf]:mode=base;script=math;language=DFLT;+tlig;+ssty
=1;"
. - 'small caps'  (m/sc) with NFSS spec.: 
. and font adjustment code:
. \__um_luatex_copy_fontdimens: \fontdimen 8\font =7.2pt\relax \fontdimen
. 9\font =4.68999pt\relax \fontdimen 10\font =4.68999pt\relax \fontdimen
. 11\font =6.65999pt\relax \fontdimen 12\font =3.10999pt\relax \fontdimen
. 13\font =3.54pt\relax \fontdimen 14\font =3.54pt\relax \fontdimen 15\font
. =2.95999pt\relax \fontdimen 16\font =2.31999pt\relax \fontdimen 17\font
. =2.31999pt\relax \fontdimen 18\font =2.31999pt\relax \fontdimen 19\font
. =1.15999pt\relax \fontdimen 22\font =2.5pt\relax \fontdimen 20\font
. =0pt\relax \fontdimen 21\font =0pt\relax 
.................................................
LaTeX Font Info:    Encoding `OMS' has changed to `TU' for symbol font
(Font)              `symbols' in the math version `normal' on input line 34.
LaTeX Font Info:    Overwriting symbol font `symbols' in version `normal'
(Font)                  OMS/cmsy/m/n --> TU/texgyrepagella-math(2)/m/n on input 
line 34.
LaTeX Font Info:    Encoding `OMS' has changed to `TU' for symbol font
(Font)              `symbols' in the math version `bold' on input line 34.
LaTeX Font Info:    Overwriting symbol font `symbols' in version `bold'
(Font)                  OMS/cmsy/b/n --> TU/texgyrepagella-math(2)/bx/n on input
 line 34.
luaotfload | aux : font no 39 (nil) does not define feature smcp for script math
 with language dflt
luaotfload | aux : no font with id 39
.................................................
. fontspec info: "defining-font"
. 
. Font family 'texgyrepagella-math(3)' created for font 'texgyrepagella-math'
. with options
. [Ligatures=TeX,Renderer=Basic,BoldItalicFont={},ItalicFont={},Script=Math,Size
Features={{Size=8.5-},{Size=6-8.5,Font=texgyrepagella-math,Style=MathScript},{Si
ze=-6,Font=texgyrepagella-math,Style=MathScriptScript}},FontAdjustment={\__um_lu
atex_copy_fontdimens:
. },Path={/project/research/resources/fonts/TexGyre/},Extension={.otf},Scale=0.9
9999,FontAdjustment={\fontdimen
. 8\font =0.59999pt\relax \fontdimen 9\font =1.2pt\relax \fontdimen 10\font
. =1.2pt\relax \fontdimen 11\font =1.2pt\relax \fontdimen 12\font
. =4.68pt\relax \fontdimen 13\font =0pt\relax }].
.  
.  This font family consists of the following NFSS series/shapes:
.  
. - 'normal' (m/n) with NFSS spec.:
. <8.5->s*[0.99999]"[/project/research/resources/fonts/TexGyre/texgyrepagella-ma
th.otf]:mode=base;script=math;language=DFLT;+tlig;"<6-8.5>s*[0.99999]"[/project/
research/resources/fonts/TexGyre/texgyrepagella-math.otf]:mode=base;script=math;
language=DFLT;+tlig;+ssty=0;"<-6>s*[0.99999]"[/project/research/resources/fonts/
TexGyre/texgyrepagella-math.otf]:mode=base;script=math;language=DFLT;+tlig;+ssty
=1;"
. - 'small caps'  (m/sc) with NFSS spec.: 
. and font adjustment code:
. \__um_luatex_copy_fontdimens: \fontdimen 8\font =0.59999pt\relax \fontdimen
. 9\font =1.2pt\relax \fontdimen 10\font =1.2pt\relax \fontdimen 11\font
. =1.2pt\relax \fontdimen 12\font =4.68pt\relax \fontdimen 13\font =0pt\relax 
.................................................
LaTeX Font Info:    Encoding `OMX' has changed to `TU' for symbol font
(Font)              `largesymbols' in the math version `normal' on input line 34
.
LaTeX Font Info:    Overwriting symbol font `largesymbols' in version `normal'
(Font)                  OMX/cmex/m/n --> TU/texgyrepagella-math(3)/m/n on input 
line 34.
LaTeX Font Info:    Encoding `OMX' has changed to `TU' for symbol font
(Font)              `largesymbols' in the math version `bold' on input line 34.
LaTeX Font Info:    Overwriting symbol font `largesymbols' in version `bold'
(Font)                  OMX/cmex/m/n --> TU/texgyrepagella-math(3)/bx/n on input
 line 34.
LaTeX Font Info:    Font shape `TU/texgyrepagella-math(2)/m/n' will be
(Font)              scaled to size 10.00015pt on input line 34.
LaTeX Font Info:    Font shape `TU/texgyrepagella-math(2)/m/n' will be
(Font)              scaled to size 7.40567pt on input line 34.
LaTeX Font Info:    Font shape `TU/texgyrepagella-math(2)/m/n' will be
(Font)              scaled to size 5.5051pt on input line 34.
LaTeX Font Info:    Font shape `TU/texgyrepagella-math(3)/m/n' will be
(Font)              scaled to size 9.99985pt on input line 34.
LaTeX Font Info:    Font shape `TU/texgyrepagella-math(3)/m/n' will be
(Font)              scaled to size 7.40544pt on input line 34.
LaTeX Font Info:    Font shape `TU/texgyrepagella-math(3)/m/n' will be
(Font)              scaled to size 5.50493pt on input line 34.
LaTeX Font Info:    Try loading font information for U+msa on input line 34.
 (/usr/share/texlive/texmf-dist/tex/latex/amsfonts/umsa.fd
File: umsa.fd 2013/01/14 v3.01 AMS symbols A
)
LaTeX Font Info:    Try loading font information for U+msb on input line 34.
 (/usr/share/texlive/texmf-dist/tex/latex/amsfonts/umsb.fd
File: umsb.fd 2013/01/14 v3.01 AMS symbols B
)
(/usr/share/texlive/texmf-dist/tex/latex/graphbox/graphbox.sty
Package: graphbox 2018/01/17 v1.1 extension for graphicx to adjust containing bo
x
\Gin@box@box=\box54
\Gin@box@width=\skip71
\Gin@box@height=\skip72
\Gin@box@raise=\skip73
\Gin@box@hspace=\skip74
\Gin@box@bwidth=\skip75
\Gin@box@bheight=\skip76
)
(/usr/share/texlive/texmf-dist/tex/latex/minted/minted.sty
Package: minted 2017/07/19 v2.5 Yet another Pygments shim for LaTeX

(/usr/share/texlive/texmf-dist/tex/latex/fvextra/fvextra.sty
Package: fvextra 2017/07/08 v1.3.1 fvextra - extensions and patches for fancyvrb


(/usr/share/texlive/texmf-dist/tex/latex/fancyvrb/fancyvrb.sty
Package: fancyvrb 2008/02/07

Style option: `fancyvrb' v2.7a, with DG/SPQR fixes, and firstline=lastline fix 
<2008/02/07> (tvz)
\FV@CodeLineNo=\count289
\FV@InFile=\read2
\FV@TabBox=\box55
\c@FancyVerbLine=\count290
\FV@StepNumber=\count291
\FV@OutFile=\write3
)
(/usr/share/texlive/texmf-dist/tex/latex/upquote/upquote.sty
Package: upquote 2012/04/19 v1.3 upright-quote and grave-accent glyphs in verbat
im
)
(/usr/share/texlive/texmf-dist/tex/latex/lineno/lineno.sty
Package: lineno 2005/11/02 line numbers on paragraphs v4.41
\linenopenalty=\count292
\output=\toks29
\linenoprevgraf=\count293
\linenumbersep=\dimen171
\linenumberwidth=\dimen172
\c@linenumber=\count294
\c@pagewiselinenumber=\count295
\c@LN@truepage=\count296
\c@internallinenumber=\count297
\c@internallinenumbers=\count298
\quotelinenumbersep=\dimen173
\bframerule=\dimen174
\bframesep=\dimen175
\bframebox=\box56
LaTeX Info: Redefining \\ on input line 3056.
)
\c@FV@TrueTabGroupLevel=\count299
\c@FV@TrueTabCounter=\count300
\FV@TabBox@Group=\box57
\FV@TmpLength=\skip77
\c@FV@HighlightLinesStart=\count301
\c@FV@HighlightLinesStop=\count302
\FV@LoopCount=\count303
\FV@NCharsBox=\box58
\FV@BreakIndent=\dimen176
\FV@BreakIndentNChars=\count304
\FV@BreakSymbolSepLeft=\dimen177
\FV@BreakSymbolSepLeftNChars=\count305
\FV@BreakSymbolSepRight=\dimen178
\FV@BreakSymbolSepRightNChars=\count306
\FV@BreakSymbolIndentLeft=\dimen179
\FV@BreakSymbolIndentLeftNChars=\count307
\FV@BreakSymbolIndentRight=\dimen180
\FV@BreakSymbolIndentRightNChars=\count308
\c@FancyVerbLineBreakLast=\count309
\FV@LineBox=\box59
\FV@LineIndentBox=\box60
)
(/usr/share/texlive/texmf-dist/tex/latex/tools/calc.sty
Package: calc 2014/10/28 v4.3 Infix arithmetic (KKT,FJ)
\calc@Acount=\count310
\calc@Bcount=\count311
\calc@Adimen=\dimen181
\calc@Bdimen=\dimen182
\calc@Askip=\skip78
\calc@Bskip=\skip79
LaTeX Info: Redefining \setlength on input line 80.
LaTeX Info: Redefining \addtolength on input line 81.
\calc@Ccount=\count312
\calc@Cskip=\skip80
)
(/usr/share/texlive/texmf-dist/tex/latex/tools/shellesc.sty
Package: shellesc 2016/06/07 v0.02a unified shell escape interface for LaTeX
Package shellesc Info: Unrestricted shell escape enabled on input line 67.
)
(/usr/share/texlive/texmf-dist/tex/latex/ifplatform/ifplatform.sty
Package: ifplatform 2017/10/13 v0.4a Testing for the operating system

(/usr/share/texlive/texmf-dist/tex/generic/oberdiek/catchfile.sty
Package: catchfile 2016/05/16 v1.7 Catch the contents of a file (HO)
)
(.//layoutengine-research-paper.w18))
(/usr/share/texlive/texmf-dist/tex/generic/xstring/xstring.sty
(/usr/share/texlive/texmf-dist/tex/generic/xstring/xstring.tex
\@xs@message=\write4
\integerpart=\count313
\decimalpart=\count314
)
Package: xstring 2013/10/13  v1.7c  String manipulations (C Tellechea)
)
(/usr/share/texlive/texmf-dist/tex/latex/framed/framed.sty
Package: framed 2011/10/22 v 0.96: framed or shaded text with page breaks
\OuterFrameSep=\skip81
\fb@frw=\dimen183
\fb@frh=\dimen184
\FrameRule=\dimen185
\FrameSep=\dimen186
)
(/usr/share/texlive/texmf-dist/tex/latex/float/float.sty
Package: float 2001/11/08 v1.3d Float enhancements (AL)
\c@float@type=\count315
\float@exts=\toks30
\float@box=\box61
\@float@everytoks=\toks31
\@floatcapt=\box62
)
\minted@appexistsfile=\read3
\minted@bgbox=\box63
\minted@code=\write5
\c@minted@FancyVerbLineTemp=\count316
\c@minted@pygmentizecounter=\count317
\@float@every@listing=\toks32
\c@listing=\count318
)
(/usr/share/texlive/texmf-dist/tex/latex/enumitem/enumitem.sty
Package: enumitem 2011/09/28 v3.5.2 Customized lists
\labelindent=\skip82
\enit@outerparindent=\dimen187
\enit@toks=\toks33
\enit@inbox=\box64
\enitdp@description=\count319
)
(/usr/share/texlive/texmf-dist/tex/latex/xcolor/xcolor.sty
Package: xcolor 2016/05/11 v2.12 LaTeX color extensions (UK)

(/usr/share/texlive/texmf-dist/tex/latex/graphics-cfg/color.cfg
File: color.cfg 2016/01/02 v1.6 sample color configuration
)
Package xcolor Info: Driver file: luatex.def on input line 225.
Package xcolor Info: Model `cmy' substituted by `cmy0' on input line 1348.
Package xcolor Info: Model `hsb' substituted by `rgb' on input line 1352.
Package xcolor Info: Model `RGB' extended on input line 1364.
Package xcolor Info: Model `HTML' substituted by `rgb' on input line 1366.
Package xcolor Info: Model `Hsb' substituted by `hsb' on input line 1367.
Package xcolor Info: Model `tHsb' substituted by `hsb' on input line 1368.
Package xcolor Info: Model `HSB' substituted by `hsb' on input line 1369.
Package xcolor Info: Model `Gray' substituted by `gray' on input line 1370.
Package xcolor Info: Model `wave' substituted by `hsb' on input line 1371.
)
(.//layoutengine-research-paper.aux)
\openout1 = layoutengine-research-paper.aux

LaTeX Font Info:    Checking defaults for OML/cmm/m/it on input line 56.
LaTeX Font Info:    ... okay on input line 56.
LaTeX Font Info:    Checking defaults for T1/cmr/m/n on input line 56.
LaTeX Font Info:    ... okay on input line 56.
LaTeX Font Info:    Checking defaults for OT1/cmr/m/n on input line 56.
LaTeX Font Info:    ... okay on input line 56.
LaTeX Font Info:    Checking defaults for OMS/cmsy/m/n on input line 56.
LaTeX Font Info:    ... okay on input line 56.
LaTeX Font Info:    Checking defaults for TU/lmr/m/n on input line 56.
LaTeX Font Info:    ... okay on input line 56.
LaTeX Font Info:    Checking defaults for OMX/cmex/m/n on input line 56.
LaTeX Font Info:    ... okay on input line 56.
LaTeX Font Info:    Checking defaults for U/cmr/m/n on input line 56.
LaTeX Font Info:    ... okay on input line 56.
LaTeX Font Info:    Checking defaults for TS1/cmr/m/n on input line 56.
LaTeX Font Info:    ... okay on input line 56.
LaTeX Font Info:    Checking defaults for PD1/pdf/m/n on input line 56.
LaTeX Font Info:    ... okay on input line 56.

(/usr/share/texlive/texmf-dist/tex/context/base/mkii/supp-pdf.mkii
[Loading MPS to PDF converter (version 2006.09.02).]
\scratchcounter=\count320
\scratchdimen=\dimen188
\scratchbox=\box65
\nofMPsegments=\count321
\nofMParguments=\count322
\everyMPshowfont=\toks34
\MPscratchCnt=\count323
\MPscratchDim=\dimen189
\MPnumerator=\count324
\makeMPintoPDFobject=\count325
\everyMPtoPDFconversion=\toks35
) (/usr/share/texlive/texmf-dist/tex/latex/oberdiek/epstopdf-base.sty
Package: epstopdf-base 2016/05/15 v2.6 Base part for package epstopdf

(/usr/share/texlive/texmf-dist/tex/latex/oberdiek/grfext.sty
Package: grfext 2016/05/16 v1.2 Manage graphics extensions (HO)
)
Package epstopdf-base Info: Redefining graphics rule for `.eps' on input line 43
8.
Package grfext Info: Graphics extension search list:
(grfext)             [.pdf,.png,.jpg,.mps,.jpeg,.jbig2,.jb2,.PDF,.PNG,.JPG,.JPEG
,.JBIG2,.JB2,.eps]
(grfext)             \AppendGraphicsExtensions on input line 456.

(/usr/share/texlive/texmf-dist/tex/latex/latexconfig/epstopdf-sys.cfg
File: epstopdf-sys.cfg 2010/07/13 v1.3 Configuration of (r)epstopdf for TeX Live

))
\AtBeginShipoutBox=\box66
Package hyperref Info: Link coloring OFF on input line 56.

(/usr/share/texlive/texmf-dist/tex/latex/hyperref/nameref.sty
Package: nameref 2016/05/21 v2.44 Cross-referencing by name of section

(/usr/share/texlive/texmf-dist/tex/generic/oberdiek/gettitlestring.sty
Package: gettitlestring 2016/05/16 v1.5 Cleanup title references (HO)
)
\c@section@level=\count326
)
LaTeX Info: Redefining \ref on input line 56.
LaTeX Info: Redefining \pageref on input line 56.
LaTeX Info: Redefining \nameref on input line 56.

(.//layoutengine-research-paper.out) (.//layoutengine-research-paper.out)
\@outlinefile=\write6

\openout6 = layoutengine-research-paper.out

*geometry* driver: auto-detecting
*geometry* detected driver: pdftex
*geometry* verbose mode - [ preamble ] result:
* driver: pdftex
* paper: a4paper
* layout: <same size as paper>
* layoutoffset:(h,v)=(0.0pt,0.0pt)
* modes: 
* h-part:(L,W,R)=(49.79231pt, 505.03644pt, 42.67912pt)
* v-part:(T,H,B)=(71.13188pt, 717.00946pt, 56.9055pt)
* \paperwidth=597.50787pt
* \paperheight=845.04684pt
* \textwidth=505.03644pt
* \textheight=717.00946pt
* \oddsidemargin=-22.47768pt
* \evensidemargin=-22.47768pt
* \topmargin=-38.1381pt
* \headheight=12.0pt
* \headsep=25.0pt
* \topskip=10.0pt
* \footskip=30.0pt
* \marginparwidth=65.0pt
* \marginparsep=11.0pt
* \columnsep=10.0pt
* \skip\footins=9.0pt plus 4.0pt minus 2.0pt
* \hoffset=0.0pt
* \voffset=0.0pt
* \mag=1000
* \@twocolumnfalse
* \@twosidefalse
* \@mparswitchfalse
* \@reversemarginfalse
* (1in=72.27pt=25.4mm, 1cm=28.453pt)

LaTeX Font Info:    Overwriting math alphabet `\mathrm' in version `normal'
(Font)                  TU/texgyrepagella-math(1)/m/n --> TU/Taviraj(0)/m/n on i
nput line 56.
LaTeX Font Info:    Overwriting math alphabet `\mathit' in version `normal'
(Font)                  OT1/cmr/m/it --> TU/Taviraj(0)/m/it on input line 56.
LaTeX Font Info:    Overwriting math alphabet `\mathbf' in version `normal'
(Font)                  OT1/cmr/bx/n --> TU/Taviraj(0)/bx/n on input line 56.
LaTeX Font Info:    Overwriting math alphabet `\mathsf' in version `normal'
(Font)                  OT1/cmss/m/n --> TU/Montserrat(0)/m/n on input line 56.
LaTeX Font Info:    Overwriting math alphabet `\mathsf' in version `bold'
(Font)                  OT1/cmss/bx/n --> TU/Montserrat(0)/bx/n on input line 56
.
LaTeX Font Info:    Overwriting math alphabet `\mathtt' in version `normal'
(Font)                  OT1/cmtt/m/n --> TU/Inconsolata(0)/m/n on input line 56.

LaTeX Font Info:    Overwriting math alphabet `\mathtt' in version `bold'
(Font)                  OT1/cmtt/m/n --> TU/Inconsolata(0)/bx/n on input line 56
.

! LaTeX Error: Can be used only in preamble.

See the LaTeX manual or LaTeX Companion for explanation.
Type  H <return>  for immediate help.
 ...                                              
                                                  
l.58 \begin{document}
                   
Your command was ignored.
Type  I <command> <return>  to replace it with another command,
or  <return>  to continue without it.

LaTeX Font Info:    Font shape `TU/Taviraj(0)/m/n' will be
(Font)              scaled to size 19.0081pt on input line 61.
LaTeX Font Info:    Font shape `TU/Taviraj(0)/bx/n' will be
(Font)              scaled to size 19.0081pt on input line 61.
</project/research/code/examples/ex-3.png, id=92, 1204.5pt x 903.375pt>
File: /project/research/code/examples/ex-3.png Graphic file (type png)
<use /project/research/code/examples/ex-3.png>
Package luatex.def Info: /project/research/code/examples/ex-3.png  used on input
 line 69.
(luatex.def)             Requested size: 469.75499pt x 352.31483pt.
LaTeX Font Info:    Font shape `TU/Montserrat(0)/m/n' will be
(Font)              scaled to size 9.84772pt on input line 74.
LaTeX Font Info:    Font shape `TU/Montserrat(0)/m/it' will be
(Font)              scaled to size 9.84772pt on input line 76.
[1

{/var/lib/texmf/fonts/map/pdftex/updmap/pdftex.map}</project/research/code/examp
les/ex-3.png>]
LaTeX Font Info:    Font shape `TU/Montserrat(0)/m/n' will be
(Font)              scaled to size 17.01685pt on input line 93.
LaTeX Font Info:    Font shape `TU/Montserrat(0)/bx/n' will be
(Font)              scaled to size 16.60551pt on input line 93.
LaTeX Font Info:    Font shape `TU/Taviraj(0)/m/it' will be
(Font)              scaled to size 11.00006pt on input line 95.
LaTeX Font Info:    Font shape `TU/Taviraj(0)/bx/it' will be
(Font)              scaled to size 11.00006pt on input line 95.
LaTeX Font Info:    Font shape `TU/Taviraj(0)/bx/n' will be
(Font)              scaled to size 11.00006pt on input line 101.
LaTeX Font Info:    Font shape `TU/Taviraj(0)/m/n' will be
(Font)              scaled to size 15.84007pt on input line 107.
LaTeX Font Info:    Font shape `TU/Montserrat(0)/m/n' will be
(Font)              scaled to size 14.1807pt on input line 107.
LaTeX Font Info:    Font shape `TU/Montserrat(0)/bx/n' will be
(Font)              scaled to size 13.83792pt on input line 107.
 [2]
LaTeX Font Info:    Font shape `TU/Taviraj(0)/m/n' will be
(Font)              scaled to size 22.81412pt on input line 134.
LaTeX Font Info:    Font shape `TU/Montserrat(0)/m/n' will be
(Font)              scaled to size 20.42416pt on input line 134.
LaTeX Font Info:    Font shape `TU/Montserrat(0)/bx/n' will be
(Font)              scaled to size 19.93048pt on input line 134.
 (.//layoutengine-research-paper.toc)
\tf@toc=\write7

\openout7 = layoutengine-research-paper.toc
 [3]
LaTeX Font Info:    Font shape `TU/Taviraj(0)/m/n' will be
(Font)              scaled to size 8.14616pt on input line 150.
</project/research/code/examples/ex-1.png, id=171, 602.25pt x 200.75pt>
File: /project/research/code/examples/ex-1.png Graphic file (type png)
<use /project/research/code/examples/ex-1.png>
Package luatex.def Info: /project/research/code/examples/ex-1.png  used on input
 line 158.
(luatex.def)             Requested size: 289.07999pt x 96.36195pt.
</project/research/code/examples/ex-2.png, id=172, 602.25pt x 401.5pt>
File: /project/research/code/examples/ex-2.png Graphic file (type png)
<use /project/research/code/examples/ex-2.png>
Package luatex.def Info: /project/research/code/examples/ex-2.png  used on input
 line 165.
(luatex.def)             Requested size: 252.94499pt x 168.62885pt.
 [4</project/research/code/examples/ex-1.png>]
File: /project/research/code/examples/ex-3.png Graphic file (type png)
<use /project/research/code/examples/ex-3.png>
Package luatex.def Info: /project/research/code/examples/ex-3.png  used on input
 line 173.
(luatex.def)             Requested size: 216.81pt x 162.60048pt.
</project/research/resources/img/old-system-external.png, id=180, 963.6pt x 461.
725pt>
File: /project/research/resources/img/old-system-external.png Graphic file (type
 png)
<use /project/research/resources/img/old-system-external.png>
Package luatex.def Info: /project/research/resources/img/old-system-external.png
  used on input line 184.
(luatex.def)             Requested size: 397.48499pt x 190.45686pt.
 [5</project/research/code/examples/ex-2.png></project/research/resources/img/ol
d-system-external.png>]
</project/research/resources/img/old-system-internal.png, id=185, 963.6pt x 441.
65pt>
File: /project/research/resources/img/old-system-internal.png Graphic file (type
 png)
<use /project/research/resources/img/old-system-internal.png>
Package luatex.def Info: /project/research/resources/img/old-system-internal.png
  used on input line 194.
(luatex.def)             Requested size: 397.48499pt x 182.17612pt.
 [6</project/research/resources/img/old-system-internal.png>]
LaTeX Font Info:    Font shape `TU/Inconsolata(0)/m/n' will be
(Font)              scaled to size 8.99994pt on input line 216.
LaTeX Font Info:    Font shape `TU/Montserrat(0)/m/n' will be
(Font)              scaled to size 8.86295pt on input line 228.
LaTeX Font Info:    Font shape `TU/texgyrepagella-math(2)/m/n' will be
(Font)              scaled to size 9.00014pt on input line 230.
LaTeX Font Info:    Font shape `TU/texgyrepagella-math(2)/m/n' will be
(Font)              scaled to size 6.00009pt on input line 230.
LaTeX Font Info:    Font shape `TU/texgyrepagella-math(2)/m/n' will be
(Font)              scaled to size 5.00008pt on input line 230.
LaTeX Font Info:    Font shape `TU/texgyrepagella-math(3)/m/n' will be
(Font)              scaled to size 8.99986pt on input line 230.
LaTeX Font Info:    Font shape `TU/texgyrepagella-math(3)/m/n' will be
(Font)              scaled to size 5.99991pt on input line 230.
LaTeX Font Info:    Font shape `TU/texgyrepagella-math(3)/m/n' will be
(Font)              scaled to size 4.99992pt on input line 230.
LaTeX Font Info:    Font shape `TU/Montserrat(0)/bx/n' will be
(Font)              scaled to size 8.64871pt on input line 231.
</project/research/resources/img/layoutEngine-system.png, id=208, 963.6pt x 421.
575pt>
File: /project/research/resources/img/layoutEngine-system.png Graphic file (type
 png)
<use /project/research/resources/img/layoutEngine-system.png>
Package luatex.def Info: /project/research/resources/img/layoutEngine-system.png
  used on input line 256.
(luatex.def)             Requested size: 397.48499pt x 173.89539pt.
 [7] [8</project/research/resources/img/layoutEngine-system.png>]
</project/research/resources/img/layoutEngine-system-context.png, id=236, 1405.2
5pt x 602.25pt>
File: /project/research/resources/img/layoutEngine-system-context.png Graphic fi
le (type png)
<use /project/research/resources/img/layoutEngine-system-context.png>
Package luatex.def Info: /project/research/resources/img/layoutEngine-system-con
text.png  used on input line 296.
(luatex.def)             Requested size: 397.48499pt x 170.34729pt.
 [9</project/research/resources/img/layoutEngine-system-context.png>] [10]
LaTeX Font Info:    Font shape `TU/Inconsolata(0)/bx/n' will be
(Font)              scaled to size 8.99994pt on input line 363.

Overfull \hbox (3.08928pt too wide) in paragraph at lines 363--364
\TU/Taviraj(0)/m/n/10 De-vel-op-ment for a lay-outEngine Back-end re-quires mee
t-ing the in-ter-face re-quire-ments for the lay-outEngine
 []


\openout3 = layoutengine-research-paper.pyg
(.//_minted-layoutengine-research-paper/default-pyg-prefix.pygstyle)
(.//_minted-layoutengine-research-paper/default.pygstyle)
(.//_minted-layoutengine-research-paper/16B4942998D8DAEE7E90825E697BC772204EDAF
38412BCFCC78DAFAD8207FBD0.pygtex

LaTeX Font Warning: Font shape `TU/Inconsolata(0)/m/it' undefined
(Font)              using `TU/Inconsolata(0)/m/n' instead on input line 2.

LaTeX Font Info:    Font shape `TU/Inconsolata(0)/m/it' will be
(Font)              scaled to size 7.19995pt on input line 2.
LaTeX Font Info:    Font shape `TU/texgyrepagella-math(2)/m/n' will be
(Font)              scaled to size 8.00012pt on input line 2.
LaTeX Font Info:    Font shape `TU/texgyrepagella-math(3)/m/n' will be
(Font)              scaled to size 7.99988pt on input line 2.
LaTeX Font Info:    Font shape `TU/Taviraj(0)/m/it' will be
(Font)              scaled to size 8.80005pt on input line 2.
LaTeX Font Info:    Font shape `TU/Inconsolata(0)/m/it' will be
(Font)              scaled to size 8.99994pt on input line 2.
LaTeX Font Info:    Font shape `TU/Inconsolata(0)/m/n' will be
(Font)              scaled to size 7.19995pt on input line 3.
LaTeX Font Info:    Font shape `TU/Taviraj(0)/m/n' will be
(Font)              scaled to size 8.80005pt on input line 3.
LaTeX Font Info:    Font shape `TU/Inconsolata(0)/m/n' will be
(Font)              scaled to size 4.49997pt on input line 9.
LaTeX Font Info:    Font shape `TU/Taviraj(0)/m/n' will be
(Font)              scaled to size 5.50003pt on input line 9.
)
</project/research/code/examples/essential-example.png, id=259, 803.0pt x 100.37
5pt>
File: /project/research/code/examples/essential-example.png Graphic file (type p
ng)
<use /project/research/code/examples/essential-example.png>
Package luatex.def Info: /project/research/code/examples/essential-example.png  
used on input line 384.
(luatex.def)             Requested size: 289.07999pt x 36.13496pt.
 [11</project/research/code/examples/essential-example.png>]
Overfull \hbox (4.3613pt too wide) in paragraph at lines 426--427
[]\TU/Taviraj(0)/m/n/10 Use of a mod-ern web browser to en-sure abil-ity to uti
-lize the best fea-tures of HTML, CSS and JavaScript
 []

[12] [13]
LaTeX Font Info:    Font shape `TU/Montserrat(0)/bx/n' will be
(Font)              scaled to size 9.60968pt on input line 511.
LaTeX Font Info:    Font shape `TU/Montserrat(0)/bx/n' will be
(Font)              scaled to size 11.53162pt on input line 511.
LaTeX Font Info:    Font shape `TU/Taviraj(0)/m/n' will be
(Font)              scaled to size 13.20007pt on input line 512.

Overfull \hbox (6.27838pt too wide) in paragraph at lines 540--541
\TU/Taviraj(0)/m/n/10 page at []$\remove@tlig http://localhost:port-[]number$[]
\TU/Taviraj(0)/m/n/10 . The port num-ber is ran-domly gen-er-ated for each lay-
outEngine
 []

[14] [15]
LaTeX Font Info:    Font shape `TU/Taviraj(0)/m/n' will be
(Font)              scaled to size 9.90005pt on input line 655.
LaTeX Font Info:    Font shape `TU/Taviraj(0)/bx/n' will be
(Font)              scaled to size 9.90005pt on input line 657.
 [16]
</project/research/resources/img/rselenium-backend.png, id=333, 1505.625pt x 953
.5625pt>
File: /project/research/resources/img/rselenium-backend.png Graphic file (type p
ng)
<use /project/research/resources/img/rselenium-backend.png>
Package luatex.def Info: /project/research/resources/img/rselenium-backend.png  
used on input line 719.
(luatex.def)             Requested size: 469.75499pt x 297.5074pt.
 [17]
LaTeX Font Info:    Font shape `TU/Inconsolata(0)/m/n' will be
(Font)              scaled to size 8.09995pt on input line 731.

\openout3 = layoutengine-research-paper.pyg

(.//_minted-layoutengine-research-paper/D1D470F5A181F01145140EF9C7D15E76204EDAF
38412BCFCC78DAFAD8207FBD0.pygtex
LaTeX Font Info:    Font shape `TU/Inconsolata(0)/m/it' will be
(Font)              scaled to size 8.09995pt on input line 5.
) [18
Missing character: There is no ▶ (U+25B6) in font [/project/research/resources
/fonts/Inconsolata/Inconsolata-Regular.ttf]:mode=node;script=latn;language=DFLT;
!
Missing character: There is no ▶ (U+25B6) in font [/project/research/resources
/fonts/Inconsolata/Inconsolata-Regular.ttf]:mode=node;script=latn;language=DFLT;
!
Missing character: There is no ▶ (U+25B6) in font [/project/research/resources
/fonts/Inconsolata/Inconsolata-Regular.ttf]:mode=node;script=latn;language=DFLT;
!
Missing character: There is no ▶ (U+25B6) in font [/project/research/resources
/fonts/Inconsolata/Inconsolata-Regular.ttf]:mode=node;script=latn;language=DFLT;
!
Missing character: There is no ▶ (U+25B6) in font [/project/research/resources
/fonts/Inconsolata/Inconsolata-Regular.ttf]:mode=node;script=latn;language=DFLT;
!
Missing character: There is no ▶ (U+25B6) in font [/project/research/resources
/fonts/Inconsolata/Inconsolata-Regular.ttf]:mode=node;script=latn;language=DFLT;
!
Missing character: There is no ▶ (U+25B6) in font [/project/research/resources
/fonts/Inconsolata/Inconsolata-Regular.ttf]:mode=node;script=latn;language=DFLT;
!
Missing character: There is no ▶ (U+25B6) in font [/project/research/resources
/fonts/Inconsolata/Inconsolata-Regular.ttf]:mode=node;script=latn;language=DFLT;
!
Missing character: There is no ▶ (U+25B6) in font [/project/research/resources
/fonts/Inconsolata/Inconsolata-Regular.ttf]:mode=node;script=latn;language=DFLT;
!
</project/research/resources/img/rselenium-backend.png>]
LaTeX Font Info:    Font shape `TU/Inconsolata(0)/bx/n' will be
(Font)              scaled to size 8.09995pt on input line 769.

\openout3 = layoutengine-research-paper.pyg

(.//_minted-layoutengine-research-paper/15F82492CD4BB2FC6E9D57D14630A31C204EDAF
38412BCFCC78DAFAD8207FBD0.pygtex
LaTeX Font Info:    Font shape `TU/Inconsolata(0)/bx/n' will be
(Font)              scaled to size 7.19995pt on input line 4.
LaTeX Font Info:    Font shape `TU/Taviraj(0)/bx/n' will be
(Font)              scaled to size 8.80005pt on input line 4.
)
\openout3 = layoutengine-research-paper.pyg

(.//_minted-layoutengine-research-paper/20B9B72F5101F0FDD5C297EDB1744867204EDAF
38412BCFCC78DAFAD8207FBD0.pygtex)
\openout3 = layoutengine-research-pape